<?xml version="1.0" encoding="UTF-8" ?>
<testsuite tests="21" failures="1" name="ch.uzh.csg.nfclib.TransceiverTest" time="9.759" errors="0" skipped="0">
  <properties>
[...]
</properties>
  <testcase classname="ch.uzh.csg.nfclib.TransceiverTest" name="testInitNfc" time="0.18"/>
  <testcase classname="ch.uzh.csg.nfclib.TransceiverTest" name="testInitNfc_Fail" time="0.028"/>
  <testcase classname="ch.uzh.csg.nfclib.TransceiverTest" name="testTransceive_Reassembly" time="0.065"/>
  <testcase classname="ch.uzh.csg.nfclib.TransceiverTest" name="testTransceiveConsecutiveLoop" time="0.875"/>
  <testcase classname="ch.uzh.csg.nfclib.TransceiverTest" name="testTransceiveConsecutive" time="0.045"/>
  <testcase classname="ch.uzh.csg.nfclib.TransceiverTest" name="testTransceiveBigMessagesLoop" time="1.018"/>
  <testcase classname="ch.uzh.csg.nfclib.TransceiverTest" name="testTransceiveBigMessages" time="0.062"/>
  <testcase classname="ch.uzh.csg.nfclib.TransceiverTest" name="testTransceiveResume_SenderException" time="0.041"/>
  <testcase classname="ch.uzh.csg.nfclib.TransceiverTest" name="testTransceiveResume2_SenderException" time="0.04"/>
  <testcase classname="ch.uzh.csg.nfclib.TransceiverTest" name="testTransceiveResume3_SenderException" time="0.052"/>
  <testcase classname="ch.uzh.csg.nfclib.TransceiverTest" name="testTransceiveResume1_ReceiverException" time="0.053"/>
  <testcase classname="ch.uzh.csg.nfclib.TransceiverTest" name="testTransceiveResume2_ReceiverException" time="0.047"/>
  <testcase classname="ch.uzh.csg.nfclib.TransceiverTest" name="testTransceiveResume3_ReceiverExceptionLoop" time="1.068"/>
  <testcase classname="ch.uzh.csg.nfclib.TransceiverTest" name="testTransceiveResume3_ReceiverException" time="0.053"/>
  <testcase classname="ch.uzh.csg.nfclib.TransceiverTest" name="testUltimate" time="0.052"/>
  <testcase classname="ch.uzh.csg.nfclib.TransceiverTest" name="testTransceiveNoTimeout" time="3.944"/>
  <testcase classname="ch.uzh.csg.nfclib.TransceiverTest" name="testTransceiveTimeout2" time="2.042"/>
  <testcase classname="ch.uzh.csg.nfclib.TransceiverTest" name="testPolling" time="0.041"/>
  <testcase classname="ch.uzh.csg.nfclib.TransceiverTest" name="testTransceive_IllegalVersion_Responder" time="0.004"/>
  <testcase classname="ch.uzh.csg.nfclib.TransceiverTest" name="testTransceive_IllegalVersion_Initiator" time="0.002"/>
  <testcase classname="ch.uzh.csg.nfclib.TransceiverTest" name="testPolling_NfcInitiator" time="0.047">
    <failure message="expected:&lt;4&gt; but was:&lt;3&gt;" type="java.lang.AssertionError">java.lang.AssertionError: expected:&lt;4&gt; but was:&lt;3&gt;
	at org.junit.Assert.fail(Assert.java:88)
	at org.junit.Assert.failNotEquals(Assert.java:743)
	at org.junit.Assert.assertEquals(Assert.java:118)
	at org.junit.Assert.assertEquals(Assert.java:555)
	at org.junit.Assert.assertEquals(Assert.java:542)
	at ch.uzh.csg.nfclib.TransceiverTest.testPolling_NfcInitiator(TransceiverTest.java:769)
	at sun.reflect.NativeMethodAccessorImpl.invoke0(Native Method)
	at sun.reflect.NativeMethodAccessorImpl.invoke(NativeMethodAccessorImpl.java:62)
	at sun.reflect.DelegatingMethodAccessorImpl.invoke(DelegatingMethodAccessorImpl.java:43)
	at java.lang.reflect.Method.invoke(Method.java:497)
	at org.junit.internal.runners.TestMethod.invoke(TestMethod.java:68)
	at org.powermock.modules.junit4.internal.impl.PowerMockJUnit44RunnerDelegateImpl$PowerMockJUnit44MethodRunner.runTestMethod(PowerMockJUnit44RunnerDelegateImpl.java:310)
	at org.junit.internal.runners.MethodRoadie$2.run(MethodRoadie.java:88)
	at org.junit.internal.runners.MethodRoadie.runBeforesThenTestThenAfters(MethodRoadie.java:96)
	at org.powermock.modules.junit4.internal.impl.PowerMockJUnit44RunnerDelegateImpl$PowerMockJUnit44MethodRunner.executeTest(PowerMockJUnit44RunnerDelegateImpl.java:294)
	at org.powermock.modules.junit4.internal.impl.PowerMockJUnit47RunnerDelegateImpl$PowerMockJUnit47MethodRunner.executeTestInSuper(PowerMockJUnit47RunnerDelegateImpl.java:127)
	at org.powermock.modules.junit4.internal.impl.PowerMockJUnit47RunnerDelegateImpl$PowerMockJUnit47MethodRunner.executeTest(PowerMockJUnit47RunnerDelegateImpl.java:82)
	at org.powermock.modules.junit4.internal.impl.PowerMockJUnit44RunnerDelegateImpl$PowerMockJUnit44MethodRunner.runBeforesThenTestThenAfters(PowerMockJUnit44RunnerDelegateImpl.java:282)
	at org.junit.internal.runners.MethodRoadie.runTest(MethodRoadie.java:86)
	at org.junit.internal.runners.MethodRoadie.run(MethodRoadie.java:49)
	at org.powermock.modules.junit4.internal.impl.PowerMockJUnit44RunnerDelegateImpl.invokeTestMethod(PowerMockJUnit44RunnerDelegateImpl.java:207)
	at org.powermock.modules.junit4.internal.impl.PowerMockJUnit44RunnerDelegateImpl.runMethods(PowerMockJUnit44RunnerDelegateImpl.java:146)
	at org.powermock.modules.junit4.internal.impl.PowerMockJUnit44RunnerDelegateImpl$1.run(PowerMockJUnit44RunnerDelegateImpl.java:120)
	at org.junit.internal.runners.ClassRoadie.runUnprotected(ClassRoadie.java:33)
	at org.junit.internal.runners.ClassRoadie.runProtected(ClassRoadie.java:45)
	at org.powermock.modules.junit4.internal.impl.PowerMockJUnit44RunnerDelegateImpl.run(PowerMockJUnit44RunnerDelegateImpl.java:118)
	at org.powermock.modules.junit4.common.internal.impl.JUnit4TestSuiteChunkerImpl.run(JUnit4TestSuiteChunkerImpl.java:104)
	at org.powermock.modules.junit4.common.internal.impl.AbstractCommonPowerMockRunner.run(AbstractCommonPowerMockRunner.java:53)
	at org.powermock.modules.junit4.PowerMockRunner.run(PowerMockRunner.java:53)
	at org.apache.maven.surefire.junit4.JUnit4Provider.execute(JUnit4Provider.java:252)
	at org.apache.maven.surefire.junit4.JUnit4Provider.executeTestSet(JUnit4Provider.java:141)
	at org.apache.maven.surefire.junit4.JUnit4Provider.invoke(JUnit4Provider.java:112)
	at sun.reflect.NativeMethodAccessorImpl.invoke0(Native Method)
	at sun.reflect.NativeMethodAccessorImpl.invoke(NativeMethodAccessorImpl.java:62)
	at sun.reflect.DelegatingMethodAccessorImpl.invoke(DelegatingMethodAccessorImpl.java:43)
	at java.lang.reflect.Method.invoke(Method.java:497)
	at org.apache.maven.surefire.util.ReflectionUtils.invokeMethodWithArray(ReflectionUtils.java:189)
	at org.apache.maven.surefire.booter.ProviderFactory$ProviderProxy.invoke(ProviderFactory.java:165)
	at org.apache.maven.surefire.booter.ProviderFactory.invokeProvider(ProviderFactory.java:85)
	at org.apache.maven.surefire.booter.ForkedBooter.runSuitesInProcess(ForkedBooter.java:115)
	at org.apache.maven.surefire.booter.ForkedBooter.main(ForkedBooter.java:75)
</failure>
  </testcase>
</testsuite>